2022-03-09 13:36:47,369 - elsapy.elsclient - INFO - Module loaded.
2022-03-09 13:36:47,661 - elsapy.elsentity - INFO - Module loaded.
2022-03-09 13:36:47,661 - elsapy.utils - INFO - Module loaded.
2022-03-09 13:36:47,661 - elsapy.elsprofile - INFO - Module loaded.
2022-03-09 13:36:47,661 - elsapy.elsdoc - INFO - Module loaded.
2022-03-09 13:36:47,661 - elsapy.elssearch - INFO - Module loaded.
2022-03-09 13:37:12,126 - elsapy.elsclient - INFO - Module loaded.
2022-03-09 13:37:12,408 - elsapy.elsentity - INFO - Module loaded.
2022-03-09 13:37:12,408 - elsapy.utils - INFO - Module loaded.
2022-03-09 13:37:12,411 - elsapy.elsprofile - INFO - Module loaded.
2022-03-09 13:37:12,411 - elsapy.elsdoc - INFO - Module loaded.
2022-03-09 13:37:12,411 - elsapy.elssearch - INFO - Module loaded.
2022-03-09 13:37:28,850 - elsapy.elsclient - INFO - Module loaded.
2022-03-09 13:37:29,126 - elsapy.elsentity - INFO - Module loaded.
2022-03-09 13:37:29,126 - elsapy.utils - INFO - Module loaded.
2022-03-09 13:37:29,126 - elsapy.elsprofile - INFO - Module loaded.
2022-03-09 13:37:29,126 - elsapy.elsdoc - INFO - Module loaded.
2022-03-09 13:37:29,126 - elsapy.elssearch - INFO - Module loaded.
2022-03-09 13:39:57,039 - elsapy.elsclient - INFO - Module loaded.
2022-03-09 13:39:57,315 - elsapy.elsentity - INFO - Module loaded.
2022-03-09 13:39:57,315 - elsapy.utils - INFO - Module loaded.
2022-03-09 13:39:57,315 - elsapy.elsprofile - INFO - Module loaded.
2022-03-09 13:39:57,315 - elsapy.elsdoc - INFO - Module loaded.
2022-03-09 13:39:57,315 - elsapy.elssearch - INFO - Module loaded.
2022-03-09 13:43:49,088 - elsapy.elsclient - INFO - Module loaded.
2022-03-09 13:43:49,401 - elsapy.elsentity - INFO - Module loaded.
2022-03-09 13:43:49,403 - elsapy.utils - INFO - Module loaded.
2022-03-09 13:43:49,405 - elsapy.elsprofile - INFO - Module loaded.
2022-03-09 13:43:49,406 - elsapy.elsdoc - INFO - Module loaded.
2022-03-09 13:43:49,406 - elsapy.elssearch - INFO - Module loaded.
2022-03-09 13:45:39,946 - elsapy.elsclient - INFO - Module loaded.
2022-03-09 13:45:40,215 - elsapy.elsentity - INFO - Module loaded.
2022-03-09 13:45:40,215 - elsapy.utils - INFO - Module loaded.
2022-03-09 13:45:40,215 - elsapy.elsprofile - INFO - Module loaded.
2022-03-09 13:45:40,215 - elsapy.elsdoc - INFO - Module loaded.
2022-03-09 13:45:40,215 - elsapy.elssearch - INFO - Module loaded.
2022-03-09 13:45:46,793 - elsapy.elsclient - INFO - Module loaded.
2022-03-09 13:45:47,065 - elsapy.elsentity - INFO - Module loaded.
2022-03-09 13:45:47,065 - elsapy.utils - INFO - Module loaded.
2022-03-09 13:45:47,082 - elsapy.elsprofile - INFO - Module loaded.
2022-03-09 13:45:47,083 - elsapy.elsdoc - INFO - Module loaded.
2022-03-09 13:45:47,084 - elsapy.elssearch - INFO - Module loaded.
